  Funktionen.cpp
c:\users\wahlers\source\repos\main\main\datentypen.h(42): warning C4091: "typedef ": Ignoriert auf der linken Seite von "Daten", wenn keine Variable deklariert wurde
c:\users\wahlers\source\repos\main\main\funktionen.cpp(48): warning C4996: 'strcpy': This function or variable may be unsafe. Consider using strcpy_s instead. To disable deprecation, use _CRT_SECURE_NO_WARNINGS. See online help for details.
  c:\program files (x86)\windows kits\10\include\10.0.19041.0\ucrt\string.h(130): note: Siehe Deklaration von "strcpy"
c:\users\wahlers\source\repos\main\main\funktionen.cpp(49): warning C4996: 'strcpy': This function or variable may be unsafe. Consider using strcpy_s instead. To disable deprecation, use _CRT_SECURE_NO_WARNINGS. See online help for details.
  c:\program files (x86)\windows kits\10\include\10.0.19041.0\ucrt\string.h(130): note: Siehe Deklaration von "strcpy"
c:\users\wahlers\source\repos\main\main\funktionen.cpp(50): warning C4996: 'strcpy': This function or variable may be unsafe. Consider using strcpy_s instead. To disable deprecation, use _CRT_SECURE_NO_WARNINGS. See online help for details.
  c:\program files (x86)\windows kits\10\include\10.0.19041.0\ucrt\string.h(130): note: Siehe Deklaration von "strcpy"
c:\users\wahlers\source\repos\main\main\funktionen.cpp(51): warning C4996: 'strcpy': This function or variable may be unsafe. Consider using strcpy_s instead. To disable deprecation, use _CRT_SECURE_NO_WARNINGS. See online help for details.
  c:\program files (x86)\windows kits\10\include\10.0.19041.0\ucrt\string.h(130): note: Siehe Deklaration von "strcpy"
c:\users\wahlers\source\repos\main\main\funktionen.cpp(52): warning C4996: 'strcpy': This function or variable may be unsafe. Consider using strcpy_s instead. To disable deprecation, use _CRT_SECURE_NO_WARNINGS. See online help for details.
  c:\program files (x86)\windows kits\10\include\10.0.19041.0\ucrt\string.h(130): note: Siehe Deklaration von "strcpy"
c:\users\wahlers\source\repos\main\main\funktionen.cpp(53): warning C4996: 'strcpy': This function or variable may be unsafe. Consider using strcpy_s instead. To disable deprecation, use _CRT_SECURE_NO_WARNINGS. See online help for details.
  c:\program files (x86)\windows kits\10\include\10.0.19041.0\ucrt\string.h(130): note: Siehe Deklaration von "strcpy"
c:\users\wahlers\source\repos\main\main\funktionen.cpp(54): warning C4996: 'strcpy': This function or variable may be unsafe. Consider using strcpy_s instead. To disable deprecation, use _CRT_SECURE_NO_WARNINGS. See online help for details.
  c:\program files (x86)\windows kits\10\include\10.0.19041.0\ucrt\string.h(130): note: Siehe Deklaration von "strcpy"
c:\users\wahlers\source\repos\main\main\funktionen.cpp(55): warning C4996: 'strcpy': This function or variable may be unsafe. Consider using strcpy_s instead. To disable deprecation, use _CRT_SECURE_NO_WARNINGS. See online help for details.
  c:\program files (x86)\windows kits\10\include\10.0.19041.0\ucrt\string.h(130): note: Siehe Deklaration von "strcpy"
c:\users\wahlers\source\repos\main\main\funktionen.cpp(56): warning C4996: 'strcpy': This function or variable may be unsafe. Consider using strcpy_s instead. To disable deprecation, use _CRT_SECURE_NO_WARNINGS. See online help for details.
  c:\program files (x86)\windows kits\10\include\10.0.19041.0\ucrt\string.h(130): note: Siehe Deklaration von "strcpy"
c:\users\wahlers\source\repos\main\main\funktionen.cpp(57): warning C4996: 'strcpy': This function or variable may be unsafe. Consider using strcpy_s instead. To disable deprecation, use _CRT_SECURE_NO_WARNINGS. See online help for details.
  c:\program files (x86)\windows kits\10\include\10.0.19041.0\ucrt\string.h(130): note: Siehe Deklaration von "strcpy"
c:\users\wahlers\source\repos\main\main\funktionen.cpp(58): warning C4996: 'strcpy': This function or variable may be unsafe. Consider using strcpy_s instead. To disable deprecation, use _CRT_SECURE_NO_WARNINGS. See online help for details.
  c:\program files (x86)\windows kits\10\include\10.0.19041.0\ucrt\string.h(130): note: Siehe Deklaration von "strcpy"
c:\users\wahlers\source\repos\main\main\funktionen.cpp(59): warning C4996: 'strcpy': This function or variable may be unsafe. Consider using strcpy_s instead. To disable deprecation, use _CRT_SECURE_NO_WARNINGS. See online help for details.
  c:\program files (x86)\windows kits\10\include\10.0.19041.0\ucrt\string.h(130): note: Siehe Deklaration von "strcpy"
c:\users\wahlers\source\repos\main\main\funktionen.cpp(60): warning C4996: 'strcpy': This function or variable may be unsafe. Consider using strcpy_s instead. To disable deprecation, use _CRT_SECURE_NO_WARNINGS. See online help for details.
  c:\program files (x86)\windows kits\10\include\10.0.19041.0\ucrt\string.h(130): note: Siehe Deklaration von "strcpy"
c:\users\wahlers\source\repos\main\main\funktionen.cpp(61): warning C4996: 'strcpy': This function or variable may be unsafe. Consider using strcpy_s instead. To disable deprecation, use _CRT_SECURE_NO_WARNINGS. See online help for details.
  c:\program files (x86)\windows kits\10\include\10.0.19041.0\ucrt\string.h(130): note: Siehe Deklaration von "strcpy"
c:\users\wahlers\source\repos\main\main\funktionen.cpp(62): warning C4996: 'strcpy': This function or variable may be unsafe. Consider using strcpy_s instead. To disable deprecation, use _CRT_SECURE_NO_WARNINGS. See online help for details.
  c:\program files (x86)\windows kits\10\include\10.0.19041.0\ucrt\string.h(130): note: Siehe Deklaration von "strcpy"
c:\users\wahlers\source\repos\main\main\funktionen.cpp(63): warning C4996: 'strcpy': This function or variable may be unsafe. Consider using strcpy_s instead. To disable deprecation, use _CRT_SECURE_NO_WARNINGS. See online help for details.
  c:\program files (x86)\windows kits\10\include\10.0.19041.0\ucrt\string.h(130): note: Siehe Deklaration von "strcpy"
c:\users\wahlers\source\repos\main\main\funktionen.cpp(64): warning C4996: 'strcpy': This function or variable may be unsafe. Consider using strcpy_s instead. To disable deprecation, use _CRT_SECURE_NO_WARNINGS. See online help for details.
  c:\program files (x86)\windows kits\10\include\10.0.19041.0\ucrt\string.h(130): note: Siehe Deklaration von "strcpy"
c:\users\wahlers\source\repos\main\main\funktionen.cpp(65): warning C4996: 'strcpy': This function or variable may be unsafe. Consider using strcpy_s instead. To disable deprecation, use _CRT_SECURE_NO_WARNINGS. See online help for details.
  c:\program files (x86)\windows kits\10\include\10.0.19041.0\ucrt\string.h(130): note: Siehe Deklaration von "strcpy"
c:\users\wahlers\source\repos\main\main\funktionen.cpp(66): warning C4996: 'strcpy': This function or variable may be unsafe. Consider using strcpy_s instead. To disable deprecation, use _CRT_SECURE_NO_WARNINGS. See online help for details.
  c:\program files (x86)\windows kits\10\include\10.0.19041.0\ucrt\string.h(130): note: Siehe Deklaration von "strcpy"
c:\users\wahlers\source\repos\main\main\funktionen.cpp(67): warning C4996: 'strcpy': This function or variable may be unsafe. Consider using strcpy_s instead. To disable deprecation, use _CRT_SECURE_NO_WARNINGS. See online help for details.
  c:\program files (x86)\windows kits\10\include\10.0.19041.0\ucrt\string.h(130): note: Siehe Deklaration von "strcpy"
c:\users\wahlers\source\repos\main\main\funktionen.cpp(68): warning C4996: 'strcpy': This function or variable may be unsafe. Consider using strcpy_s instead. To disable deprecation, use _CRT_SECURE_NO_WARNINGS. See online help for details.
  c:\program files (x86)\windows kits\10\include\10.0.19041.0\ucrt\string.h(130): note: Siehe Deklaration von "strcpy"
c:\users\wahlers\source\repos\main\main\funktionen.cpp(69): warning C4996: 'strcpy': This function or variable may be unsafe. Consider using strcpy_s instead. To disable deprecation, use _CRT_SECURE_NO_WARNINGS. See online help for details.
  c:\program files (x86)\windows kits\10\include\10.0.19041.0\ucrt\string.h(130): note: Siehe Deklaration von "strcpy"
c:\users\wahlers\source\repos\main\main\funktionen.cpp(101): warning C4996: 'sscanf': This function or variable may be unsafe. Consider using sscanf_s instead. To disable deprecation, use _CRT_SECURE_NO_WARNINGS. See online help for details.
  c:\program files (x86)\windows kits\10\include\10.0.19041.0\ucrt\stdio.h(2240): note: Siehe Deklaration von "sscanf"
c:\users\wahlers\source\repos\main\main\funktionen.cpp(378): warning C4996: 'fopen': This function or variable may be unsafe. Consider using fopen_s instead. To disable deprecation, use _CRT_SECURE_NO_WARNINGS. See online help for details.
  c:\program files (x86)\windows kits\10\include\10.0.19041.0\ucrt\stdio.h(213): note: Siehe Deklaration von "fopen"
c:\users\wahlers\source\repos\main\main\funktionen.cpp(1043): warning C4996: 'fopen': This function or variable may be unsafe. Consider using fopen_s instead. To disable deprecation, use _CRT_SECURE_NO_WARNINGS. See online help for details.
  c:\program files (x86)\windows kits\10\include\10.0.19041.0\ucrt\stdio.h(213): note: Siehe Deklaration von "fopen"
c:\users\wahlers\source\repos\main\main\funktionen.cpp(1070): warning C4996: 'sscanf': This function or variable may be unsafe. Consider using sscanf_s instead. To disable deprecation, use _CRT_SECURE_NO_WARNINGS. See online help for details.
  c:\program files (x86)\windows kits\10\include\10.0.19041.0\ucrt\stdio.h(2240): note: Siehe Deklaration von "sscanf"
c:\users\wahlers\source\repos\main\main\funktionen.cpp(1087): warning C4996: 'sscanf': This function or variable may be unsafe. Consider using sscanf_s instead. To disable deprecation, use _CRT_SECURE_NO_WARNINGS. See online help for details.
  c:\program files (x86)\windows kits\10\include\10.0.19041.0\ucrt\stdio.h(2240): note: Siehe Deklaration von "sscanf"
c:\users\wahlers\source\repos\main\main\funktionen.cpp(1098): warning C4996: 'strcpy': This function or variable may be unsafe. Consider using strcpy_s instead. To disable deprecation, use _CRT_SECURE_NO_WARNINGS. See online help for details.
  c:\program files (x86)\windows kits\10\include\10.0.19041.0\ucrt\string.h(130): note: Siehe Deklaration von "strcpy"
c:\users\wahlers\source\repos\main\main\funktionen.cpp(1099): warning C4996: 'strcpy': This function or variable may be unsafe. Consider using strcpy_s instead. To disable deprecation, use _CRT_SECURE_NO_WARNINGS. See online help for details.
  c:\program files (x86)\windows kits\10\include\10.0.19041.0\ucrt\string.h(130): note: Siehe Deklaration von "strcpy"
c:\users\wahlers\source\repos\main\main\funktionen.cpp(1100): warning C4996: 'strcpy': This function or variable may be unsafe. Consider using strcpy_s instead. To disable deprecation, use _CRT_SECURE_NO_WARNINGS. See online help for details.
  c:\program files (x86)\windows kits\10\include\10.0.19041.0\ucrt\string.h(130): note: Siehe Deklaration von "strcpy"
c:\users\wahlers\source\repos\main\main\funktionen.cpp(1101): warning C4996: 'strcpy': This function or variable may be unsafe. Consider using strcpy_s instead. To disable deprecation, use _CRT_SECURE_NO_WARNINGS. See online help for details.
  c:\program files (x86)\windows kits\10\include\10.0.19041.0\ucrt\string.h(130): note: Siehe Deklaration von "strcpy"
c:\users\wahlers\source\repos\main\main\funktionen.cpp(1102): warning C4996: 'strcpy': This function or variable may be unsafe. Consider using strcpy_s instead. To disable deprecation, use _CRT_SECURE_NO_WARNINGS. See online help for details.
  c:\program files (x86)\windows kits\10\include\10.0.19041.0\ucrt\string.h(130): note: Siehe Deklaration von "strcpy"
c:\users\wahlers\source\repos\main\main\funktionen.cpp(1103): warning C4996: 'strcpy': This function or variable may be unsafe. Consider using strcpy_s instead. To disable deprecation, use _CRT_SECURE_NO_WARNINGS. See online help for details.
  c:\program files (x86)\windows kits\10\include\10.0.19041.0\ucrt\string.h(130): note: Siehe Deklaration von "strcpy"
c:\users\wahlers\source\repos\main\main\funktionen.cpp(1104): warning C4996: 'strcpy': This function or variable may be unsafe. Consider using strcpy_s instead. To disable deprecation, use _CRT_SECURE_NO_WARNINGS. See online help for details.
  c:\program files (x86)\windows kits\10\include\10.0.19041.0\ucrt\string.h(130): note: Siehe Deklaration von "strcpy"
c:\users\wahlers\source\repos\main\main\funktionen.cpp(1105): warning C4996: 'strcpy': This function or variable may be unsafe. Consider using strcpy_s instead. To disable deprecation, use _CRT_SECURE_NO_WARNINGS. See online help for details.
  c:\program files (x86)\windows kits\10\include\10.0.19041.0\ucrt\string.h(130): note: Siehe Deklaration von "strcpy"
c:\users\wahlers\source\repos\main\main\funktionen.cpp(1106): warning C4996: 'strcpy': This function or variable may be unsafe. Consider using strcpy_s instead. To disable deprecation, use _CRT_SECURE_NO_WARNINGS. See online help for details.
  c:\program files (x86)\windows kits\10\include\10.0.19041.0\ucrt\string.h(130): note: Siehe Deklaration von "strcpy"
c:\users\wahlers\source\repos\main\main\funktionen.cpp(1107): warning C4996: 'strcpy': This function or variable may be unsafe. Consider using strcpy_s instead. To disable deprecation, use _CRT_SECURE_NO_WARNINGS. See online help for details.
  c:\program files (x86)\windows kits\10\include\10.0.19041.0\ucrt\string.h(130): note: Siehe Deklaration von "strcpy"
c:\users\wahlers\source\repos\main\main\funktionen.cpp(1108): warning C4996: 'strcpy': This function or variable may be unsafe. Consider using strcpy_s instead. To disable deprecation, use _CRT_SECURE_NO_WARNINGS. See online help for details.
  c:\program files (x86)\windows kits\10\include\10.0.19041.0\ucrt\string.h(130): note: Siehe Deklaration von "strcpy"
c:\users\wahlers\source\repos\main\main\funktionen.cpp(1109): warning C4996: 'strcpy': This function or variable may be unsafe. Consider using strcpy_s instead. To disable deprecation, use _CRT_SECURE_NO_WARNINGS. See online help for details.
  c:\program files (x86)\windows kits\10\include\10.0.19041.0\ucrt\string.h(130): note: Siehe Deklaration von "strcpy"
c:\users\wahlers\source\repos\main\main\funktionen.cpp(1110): warning C4996: 'strcpy': This function or variable may be unsafe. Consider using strcpy_s instead. To disable deprecation, use _CRT_SECURE_NO_WARNINGS. See online help for details.
  c:\program files (x86)\windows kits\10\include\10.0.19041.0\ucrt\string.h(130): note: Siehe Deklaration von "strcpy"
c:\users\wahlers\source\repos\main\main\funktionen.cpp(1111): warning C4996: 'strcpy': This function or variable may be unsafe. Consider using strcpy_s instead. To disable deprecation, use _CRT_SECURE_NO_WARNINGS. See online help for details.
  c:\program files (x86)\windows kits\10\include\10.0.19041.0\ucrt\string.h(130): note: Siehe Deklaration von "strcpy"
c:\users\wahlers\source\repos\main\main\funktionen.cpp(1112): warning C4996: 'strcpy': This function or variable may be unsafe. Consider using strcpy_s instead. To disable deprecation, use _CRT_SECURE_NO_WARNINGS. See online help for details.
  c:\program files (x86)\windows kits\10\include\10.0.19041.0\ucrt\string.h(130): note: Siehe Deklaration von "strcpy"
c:\users\wahlers\source\repos\main\main\funktionen.cpp(1113): warning C4996: 'strcpy': This function or variable may be unsafe. Consider using strcpy_s instead. To disable deprecation, use _CRT_SECURE_NO_WARNINGS. See online help for details.
  c:\program files (x86)\windows kits\10\include\10.0.19041.0\ucrt\string.h(130): note: Siehe Deklaration von "strcpy"
c:\users\wahlers\source\repos\main\main\funktionen.cpp(1114): warning C4996: 'strcpy': This function or variable may be unsafe. Consider using strcpy_s instead. To disable deprecation, use _CRT_SECURE_NO_WARNINGS. See online help for details.
  c:\program files (x86)\windows kits\10\include\10.0.19041.0\ucrt\string.h(130): note: Siehe Deklaration von "strcpy"
c:\users\wahlers\source\repos\main\main\funktionen.cpp(1115): warning C4996: 'strcpy': This function or variable may be unsafe. Consider using strcpy_s instead. To disable deprecation, use _CRT_SECURE_NO_WARNINGS. See online help for details.
  c:\program files (x86)\windows kits\10\include\10.0.19041.0\ucrt\string.h(130): note: Siehe Deklaration von "strcpy"
c:\users\wahlers\source\repos\main\main\funktionen.cpp(1116): warning C4996: 'strcpy': This function or variable may be unsafe. Consider using strcpy_s instead. To disable deprecation, use _CRT_SECURE_NO_WARNINGS. See online help for details.
  c:\program files (x86)\windows kits\10\include\10.0.19041.0\ucrt\string.h(130): note: Siehe Deklaration von "strcpy"
c:\users\wahlers\source\repos\main\main\funktionen.cpp(1117): warning C4996: 'strcpy': This function or variable may be unsafe. Consider using strcpy_s instead. To disable deprecation, use _CRT_SECURE_NO_WARNINGS. See online help for details.
  c:\program files (x86)\windows kits\10\include\10.0.19041.0\ucrt\string.h(130): note: Siehe Deklaration von "strcpy"
c:\users\wahlers\source\repos\main\main\funktionen.cpp(1118): warning C4996: 'strcpy': This function or variable may be unsafe. Consider using strcpy_s instead. To disable deprecation, use _CRT_SECURE_NO_WARNINGS. See online help for details.
  c:\program files (x86)\windows kits\10\include\10.0.19041.0\ucrt\string.h(130): note: Siehe Deklaration von "strcpy"
c:\users\wahlers\source\repos\main\main\funktionen.cpp(1119): warning C4996: 'strcpy': This function or variable may be unsafe. Consider using strcpy_s instead. To disable deprecation, use _CRT_SECURE_NO_WARNINGS. See online help for details.
  c:\program files (x86)\windows kits\10\include\10.0.19041.0\ucrt\string.h(130): note: Siehe Deklaration von "strcpy"
c:\users\wahlers\source\repos\main\main\funktionen.cpp(1120): warning C4996: 'strcpy': This function or variable may be unsafe. Consider using strcpy_s instead. To disable deprecation, use _CRT_SECURE_NO_WARNINGS. See online help for details.
  c:\program files (x86)\windows kits\10\include\10.0.19041.0\ucrt\string.h(130): note: Siehe Deklaration von "strcpy"
c:\users\wahlers\source\repos\main\main\funktionen.cpp(1154): warning C4996: 'sscanf': This function or variable may be unsafe. Consider using sscanf_s instead. To disable deprecation, use _CRT_SECURE_NO_WARNINGS. See online help for details.
  c:\program files (x86)\windows kits\10\include\10.0.19041.0\ucrt\stdio.h(2240): note: Siehe Deklaration von "sscanf"
c:\users\wahlers\source\repos\main\main\funktionen.cpp(1173): warning C4996: 'sscanf': This function or variable may be unsafe. Consider using sscanf_s instead. To disable deprecation, use _CRT_SECURE_NO_WARNINGS. See online help for details.
  c:\program files (x86)\windows kits\10\include\10.0.19041.0\ucrt\stdio.h(2240): note: Siehe Deklaration von "sscanf"
c:\users\wahlers\source\repos\main\main\funktionen.cpp(1198): warning C4996: 'strncpy': This function or variable may be unsafe. Consider using strncpy_s instead. To disable deprecation, use _CRT_SECURE_NO_WARNINGS. See online help for details.
  c:\program files (x86)\windows kits\10\include\10.0.19041.0\ucrt\string.h(334): note: Siehe Deklaration von "strncpy"
c:\users\wahlers\source\repos\main\main\funktionen.cpp(1204): warning C4996: 'strncpy': This function or variable may be unsafe. Consider using strncpy_s instead. To disable deprecation, use _CRT_SECURE_NO_WARNINGS. See online help for details.
  c:\program files (x86)\windows kits\10\include\10.0.19041.0\ucrt\string.h(334): note: Siehe Deklaration von "strncpy"
c:\users\wahlers\source\repos\main\main\funktionen.cpp(1212): warning C4996: 'strncpy': This function or variable may be unsafe. Consider using strncpy_s instead. To disable deprecation, use _CRT_SECURE_NO_WARNINGS. See online help for details.
  c:\program files (x86)\windows kits\10\include\10.0.19041.0\ucrt\string.h(334): note: Siehe Deklaration von "strncpy"
c:\users\wahlers\source\repos\main\main\funktionen.cpp(1220): warning C4996: 'strncpy': This function or variable may be unsafe. Consider using strncpy_s instead. To disable deprecation, use _CRT_SECURE_NO_WARNINGS. See online help for details.
  c:\program files (x86)\windows kits\10\include\10.0.19041.0\ucrt\string.h(334): note: Siehe Deklaration von "strncpy"
c:\users\wahlers\source\repos\main\main\funktionen.cpp(1228): warning C4996: 'strncpy': This function or variable may be unsafe. Consider using strncpy_s instead. To disable deprecation, use _CRT_SECURE_NO_WARNINGS. See online help for details.
  c:\program files (x86)\windows kits\10\include\10.0.19041.0\ucrt\string.h(334): note: Siehe Deklaration von "strncpy"
c:\users\wahlers\source\repos\main\main\funktionen.cpp(1238): warning C4996: 'strncpy': This function or variable may be unsafe. Consider using strncpy_s instead. To disable deprecation, use _CRT_SECURE_NO_WARNINGS. See online help for details.
  c:\program files (x86)\windows kits\10\include\10.0.19041.0\ucrt\string.h(334): note: Siehe Deklaration von "strncpy"
c:\users\wahlers\source\repos\main\main\funktionen.cpp(1246): warning C4996: 'strncpy': This function or variable may be unsafe. Consider using strncpy_s instead. To disable deprecation, use _CRT_SECURE_NO_WARNINGS. See online help for details.
  c:\program files (x86)\windows kits\10\include\10.0.19041.0\ucrt\string.h(334): note: Siehe Deklaration von "strncpy"
c:\users\wahlers\source\repos\main\main\funktionen.cpp(1254): warning C4996: 'strncpy': This function or variable may be unsafe. Consider using strncpy_s instead. To disable deprecation, use _CRT_SECURE_NO_WARNINGS. See online help for details.
  c:\program files (x86)\windows kits\10\include\10.0.19041.0\ucrt\string.h(334): note: Siehe Deklaration von "strncpy"
c:\users\wahlers\source\repos\main\main\funktionen.cpp(1262): warning C4996: 'strncpy': This function or variable may be unsafe. Consider using strncpy_s instead. To disable deprecation, use _CRT_SECURE_NO_WARNINGS. See online help for details.
  c:\program files (x86)\windows kits\10\include\10.0.19041.0\ucrt\string.h(334): note: Siehe Deklaration von "strncpy"
c:\users\wahlers\source\repos\main\main\funktionen.cpp(1270): warning C4996: 'strncpy': This function or variable may be unsafe. Consider using strncpy_s instead. To disable deprecation, use _CRT_SECURE_NO_WARNINGS. See online help for details.
  c:\program files (x86)\windows kits\10\include\10.0.19041.0\ucrt\string.h(334): note: Siehe Deklaration von "strncpy"
c:\users\wahlers\source\repos\main\main\funktionen.cpp(1284): warning C4996: 'strncpy': This function or variable may be unsafe. Consider using strncpy_s instead. To disable deprecation, use _CRT_SECURE_NO_WARNINGS. See online help for details.
  c:\program files (x86)\windows kits\10\include\10.0.19041.0\ucrt\string.h(334): note: Siehe Deklaration von "strncpy"
c:\users\wahlers\source\repos\main\main\funktionen.cpp(1290): warning C4996: 'strncpy': This function or variable may be unsafe. Consider using strncpy_s instead. To disable deprecation, use _CRT_SECURE_NO_WARNINGS. See online help for details.
  c:\program files (x86)\windows kits\10\include\10.0.19041.0\ucrt\string.h(334): note: Siehe Deklaration von "strncpy"
c:\users\wahlers\source\repos\main\main\funktionen.cpp(1298): warning C4996: 'strncpy': This function or variable may be unsafe. Consider using strncpy_s instead. To disable deprecation, use _CRT_SECURE_NO_WARNINGS. See online help for details.
  c:\program files (x86)\windows kits\10\include\10.0.19041.0\ucrt\string.h(334): note: Siehe Deklaration von "strncpy"
c:\users\wahlers\source\repos\main\main\funktionen.cpp(1306): warning C4996: 'strncpy': This function or variable may be unsafe. Consider using strncpy_s instead. To disable deprecation, use _CRT_SECURE_NO_WARNINGS. See online help for details.
  c:\program files (x86)\windows kits\10\include\10.0.19041.0\ucrt\string.h(334): note: Siehe Deklaration von "strncpy"
c:\users\wahlers\source\repos\main\main\funktionen.cpp(1314): warning C4996: 'strncpy': This function or variable may be unsafe. Consider using strncpy_s instead. To disable deprecation, use _CRT_SECURE_NO_WARNINGS. See online help for details.
  c:\program files (x86)\windows kits\10\include\10.0.19041.0\ucrt\string.h(334): note: Siehe Deklaration von "strncpy"
c:\users\wahlers\source\repos\main\main\funktionen.cpp(1322): warning C4996: 'strncpy': This function or variable may be unsafe. Consider using strncpy_s instead. To disable deprecation, use _CRT_SECURE_NO_WARNINGS. See online help for details.
  c:\program files (x86)\windows kits\10\include\10.0.19041.0\ucrt\string.h(334): note: Siehe Deklaration von "strncpy"
c:\users\wahlers\source\repos\main\main\funktionen.cpp(1332): warning C4996: 'strncpy': This function or variable may be unsafe. Consider using strncpy_s instead. To disable deprecation, use _CRT_SECURE_NO_WARNINGS. See online help for details.
  c:\program files (x86)\windows kits\10\include\10.0.19041.0\ucrt\string.h(334): note: Siehe Deklaration von "strncpy"
c:\users\wahlers\source\repos\main\main\funktionen.cpp(1340): warning C4996: 'strncpy': This function or variable may be unsafe. Consider using strncpy_s instead. To disable deprecation, use _CRT_SECURE_NO_WARNINGS. See online help for details.
  c:\program files (x86)\windows kits\10\include\10.0.19041.0\ucrt\string.h(334): note: Siehe Deklaration von "strncpy"
c:\users\wahlers\source\repos\main\main\funktionen.cpp(1348): warning C4996: 'strncpy': This function or variable may be unsafe. Consider using strncpy_s instead. To disable deprecation, use _CRT_SECURE_NO_WARNINGS. See online help for details.
  c:\program files (x86)\windows kits\10\include\10.0.19041.0\ucrt\string.h(334): note: Siehe Deklaration von "strncpy"
c:\users\wahlers\source\repos\main\main\funktionen.cpp(1356): warning C4996: 'strncpy': This function or variable may be unsafe. Consider using strncpy_s instead. To disable deprecation, use _CRT_SECURE_NO_WARNINGS. See online help for details.
  c:\program files (x86)\windows kits\10\include\10.0.19041.0\ucrt\string.h(334): note: Siehe Deklaration von "strncpy"
c:\users\wahlers\source\repos\main\main\funktionen.cpp(1364): warning C4996: 'strncpy': This function or variable may be unsafe. Consider using strncpy_s instead. To disable deprecation, use _CRT_SECURE_NO_WARNINGS. See online help for details.
  c:\program files (x86)\windows kits\10\include\10.0.19041.0\ucrt\string.h(334): note: Siehe Deklaration von "strncpy"
c:\users\wahlers\source\repos\main\main\funktionen.cpp(1372): warning C4996: 'strncpy': This function or variable may be unsafe. Consider using strncpy_s instead. To disable deprecation, use _CRT_SECURE_NO_WARNINGS. See online help for details.
  c:\program files (x86)\windows kits\10\include\10.0.19041.0\ucrt\string.h(334): note: Siehe Deklaration von "strncpy"
c:\users\wahlers\source\repos\main\main\funktionen.cpp(1385): warning C4996: 'strncpy': This function or variable may be unsafe. Consider using strncpy_s instead. To disable deprecation, use _CRT_SECURE_NO_WARNINGS. See online help for details.
  c:\program files (x86)\windows kits\10\include\10.0.19041.0\ucrt\string.h(334): note: Siehe Deklaration von "strncpy"
c:\users\wahlers\source\repos\main\main\funktionen.cpp(1396): warning C4996: 'strncpy': This function or variable may be unsafe. Consider using strncpy_s instead. To disable deprecation, use _CRT_SECURE_NO_WARNINGS. See online help for details.
  c:\program files (x86)\windows kits\10\include\10.0.19041.0\ucrt\string.h(334): note: Siehe Deklaration von "strncpy"
c:\users\wahlers\source\repos\main\main\funktionen.cpp(1402): warning C4996: 'strncpy': This function or variable may be unsafe. Consider using strncpy_s instead. To disable deprecation, use _CRT_SECURE_NO_WARNINGS. See online help for details.
  c:\program files (x86)\windows kits\10\include\10.0.19041.0\ucrt\string.h(334): note: Siehe Deklaration von "strncpy"
c:\users\wahlers\source\repos\main\main\funktionen.cpp(1410): warning C4996: 'strncpy': This function or variable may be unsafe. Consider using strncpy_s instead. To disable deprecation, use _CRT_SECURE_NO_WARNINGS. See online help for details.
  c:\program files (x86)\windows kits\10\include\10.0.19041.0\ucrt\string.h(334): note: Siehe Deklaration von "strncpy"
c:\users\wahlers\source\repos\main\main\funktionen.cpp(1418): warning C4996: 'strncpy': This function or variable may be unsafe. Consider using strncpy_s instead. To disable deprecation, use _CRT_SECURE_NO_WARNINGS. See online help for details.
  c:\program files (x86)\windows kits\10\include\10.0.19041.0\ucrt\string.h(334): note: Siehe Deklaration von "strncpy"
c:\users\wahlers\source\repos\main\main\funktionen.cpp(1426): warning C4996: 'strncpy': This function or variable may be unsafe. Consider using strncpy_s instead. To disable deprecation, use _CRT_SECURE_NO_WARNINGS. See online help for details.
  c:\program files (x86)\windows kits\10\include\10.0.19041.0\ucrt\string.h(334): note: Siehe Deklaration von "strncpy"
c:\users\wahlers\source\repos\main\main\funktionen.cpp(1434): warning C4996: 'strncpy': This function or variable may be unsafe. Consider using strncpy_s instead. To disable deprecation, use _CRT_SECURE_NO_WARNINGS. See online help for details.
  c:\program files (x86)\windows kits\10\include\10.0.19041.0\ucrt\string.h(334): note: Siehe Deklaration von "strncpy"
c:\users\wahlers\source\repos\main\main\funktionen.cpp(1442): warning C4996: 'strncpy': This function or variable may be unsafe. Consider using strncpy_s instead. To disable deprecation, use _CRT_SECURE_NO_WARNINGS. See online help for details.
  c:\program files (x86)\windows kits\10\include\10.0.19041.0\ucrt\string.h(334): note: Siehe Deklaration von "strncpy"
c:\users\wahlers\source\repos\main\main\funktionen.cpp(1456): warning C4996: 'strncpy': This function or variable may be unsafe. Consider using strncpy_s instead. To disable deprecation, use _CRT_SECURE_NO_WARNINGS. See online help for details.
  c:\program files (x86)\windows kits\10\include\10.0.19041.0\ucrt\string.h(334): note: Siehe Deklaration von "strncpy"
c:\users\wahlers\source\repos\main\main\funktionen.cpp(1462): warning C4996: 'strncpy': This function or variable may be unsafe. Consider using strncpy_s instead. To disable deprecation, use _CRT_SECURE_NO_WARNINGS. See online help for details.
  c:\program files (x86)\windows kits\10\include\10.0.19041.0\ucrt\string.h(334): note: Siehe Deklaration von "strncpy"
c:\users\wahlers\source\repos\main\main\funktionen.cpp(1470): warning C4996: 'strncpy': This function or variable may be unsafe. Consider using strncpy_s instead. To disable deprecation, use _CRT_SECURE_NO_WARNINGS. See online help for details.
  c:\program files (x86)\windows kits\10\include\10.0.19041.0\ucrt\string.h(334): note: Siehe Deklaration von "strncpy"
c:\users\wahlers\source\repos\main\main\funktionen.cpp(1478): warning C4996: 'strncpy': This function or variable may be unsafe. Consider using strncpy_s instead. To disable deprecation, use _CRT_SECURE_NO_WARNINGS. See online help for details.
  c:\program files (x86)\windows kits\10\include\10.0.19041.0\ucrt\string.h(334): note: Siehe Deklaration von "strncpy"
c:\users\wahlers\source\repos\main\main\funktionen.cpp(1486): warning C4996: 'strncpy': This function or variable may be unsafe. Consider using strncpy_s instead. To disable deprecation, use _CRT_SECURE_NO_WARNINGS. See online help for details.
  c:\program files (x86)\windows kits\10\include\10.0.19041.0\ucrt\string.h(334): note: Siehe Deklaration von "strncpy"
c:\users\wahlers\source\repos\main\main\funktionen.cpp(1494): warning C4996: 'strncpy': This function or variable may be unsafe. Consider using strncpy_s instead. To disable deprecation, use _CRT_SECURE_NO_WARNINGS. See online help for details.
  c:\program files (x86)\windows kits\10\include\10.0.19041.0\ucrt\string.h(334): note: Siehe Deklaration von "strncpy"
c:\users\wahlers\source\repos\main\main\funktionen.cpp(1502): warning C4996: 'strncpy': This function or variable may be unsafe. Consider using strncpy_s instead. To disable deprecation, use _CRT_SECURE_NO_WARNINGS. See online help for details.
  c:\program files (x86)\windows kits\10\include\10.0.19041.0\ucrt\string.h(334): note: Siehe Deklaration von "strncpy"
c:\users\wahlers\source\repos\main\main\funktionen.cpp(1510): warning C4996: 'strncpy': This function or variable may be unsafe. Consider using strncpy_s instead. To disable deprecation, use _CRT_SECURE_NO_WARNINGS. See online help for details.
  c:\program files (x86)\windows kits\10\include\10.0.19041.0\ucrt\string.h(334): note: Siehe Deklaration von "strncpy"
c:\users\wahlers\source\repos\main\main\funktionen.cpp(1520): warning C4996: 'strncpy': This function or variable may be unsafe. Consider using strncpy_s instead. To disable deprecation, use _CRT_SECURE_NO_WARNINGS. See online help for details.
  c:\program files (x86)\windows kits\10\include\10.0.19041.0\ucrt\string.h(334): note: Siehe Deklaration von "strncpy"
c:\users\wahlers\source\repos\main\main\funktionen.cpp(1528): warning C4996: 'strncpy': This function or variable may be unsafe. Consider using strncpy_s instead. To disable deprecation, use _CRT_SECURE_NO_WARNINGS. See online help for details.
  c:\program files (x86)\windows kits\10\include\10.0.19041.0\ucrt\string.h(334): note: Siehe Deklaration von "strncpy"
c:\users\wahlers\source\repos\main\main\funktionen.cpp(1536): warning C4996: 'strncpy': This function or variable may be unsafe. Consider using strncpy_s instead. To disable deprecation, use _CRT_SECURE_NO_WARNINGS. See online help for details.
  c:\program files (x86)\windows kits\10\include\10.0.19041.0\ucrt\string.h(334): note: Siehe Deklaration von "strncpy"
c:\users\wahlers\source\repos\main\main\funktionen.cpp(1544): warning C4996: 'strncpy': This function or variable may be unsafe. Consider using strncpy_s instead. To disable deprecation, use _CRT_SECURE_NO_WARNINGS. See online help for details.
  c:\program files (x86)\windows kits\10\include\10.0.19041.0\ucrt\string.h(334): note: Siehe Deklaration von "strncpy"
c:\users\wahlers\source\repos\main\main\funktionen.cpp(1552): warning C4996: 'strncpy': This function or variable may be unsafe. Consider using strncpy_s instead. To disable deprecation, use _CRT_SECURE_NO_WARNINGS. See online help for details.
  c:\program files (x86)\windows kits\10\include\10.0.19041.0\ucrt\string.h(334): note: Siehe Deklaration von "strncpy"
c:\users\wahlers\source\repos\main\main\funktionen.cpp(1560): warning C4996: 'strncpy': This function or variable may be unsafe. Consider using strncpy_s instead. To disable deprecation, use _CRT_SECURE_NO_WARNINGS. See online help for details.
  c:\program files (x86)\windows kits\10\include\10.0.19041.0\ucrt\string.h(334): note: Siehe Deklaration von "strncpy"
c:\users\wahlers\source\repos\main\main\funktionen.cpp(1574): warning C4996: 'strncpy': This function or variable may be unsafe. Consider using strncpy_s instead. To disable deprecation, use _CRT_SECURE_NO_WARNINGS. See online help for details.
  c:\program files (x86)\windows kits\10\include\10.0.19041.0\ucrt\string.h(334): note: Siehe Deklaration von "strncpy"
c:\users\wahlers\source\repos\main\main\funktionen.cpp(1580): warning C4996: 'strncpy': This function or variable may be unsafe. Consider using strncpy_s instead. To disable deprecation, use _CRT_SECURE_NO_WARNINGS. See online help for details.
  c:\program files (x86)\windows kits\10\include\10.0.19041.0\ucrt\string.h(334): note: Siehe Deklaration von "strncpy"
c:\users\wahlers\source\repos\main\main\funktionen.cpp(1588): warning C4996: 'strncpy': This function or variable may be unsafe. Consider using strncpy_s instead. To disable deprecation, use _CRT_SECURE_NO_WARNINGS. See online help for details.
  c:\program files (x86)\windows kits\10\include\10.0.19041.0\ucrt\string.h(334): note: Siehe Deklaration von "strncpy"
c:\users\wahlers\source\repos\main\main\funktionen.cpp(1596): warning C4996: 'strncpy': This function or variable may be unsafe. Consider using strncpy_s instead. To disable deprecation, use _CRT_SECURE_NO_WARNINGS. See online help for details.
  c:\program files (x86)\windows kits\10\include\10.0.19041.0\ucrt\string.h(334): note: Siehe Deklaration von "strncpy"
c:\users\wahlers\source\repos\main\main\funktionen.cpp(1604): warning C4996: 'strncpy': This function or variable may be unsafe. Consider using strncpy_s instead. To disable deprecation, use _CRT_SECURE_NO_WARNINGS. See online help for details.
  c:\program files (x86)\windows kits\10\include\10.0.19041.0\ucrt\string.h(334): note: Siehe Deklaration von "strncpy"
c:\users\wahlers\source\repos\main\main\funktionen.cpp(1612): warning C4996: 'strncpy': This function or variable may be unsafe. Consider using strncpy_s instead. To disable deprecation, use _CRT_SECURE_NO_WARNINGS. See online help for details.
  c:\program files (x86)\windows kits\10\include\10.0.19041.0\ucrt\string.h(334): note: Siehe Deklaration von "strncpy"
c:\users\wahlers\source\repos\main\main\funktionen.cpp(1622): warning C4996: 'strncpy': This function or variable may be unsafe. Consider using strncpy_s instead. To disable deprecation, use _CRT_SECURE_NO_WARNINGS. See online help for details.
  c:\program files (x86)\windows kits\10\include\10.0.19041.0\ucrt\string.h(334): note: Siehe Deklaration von "strncpy"
c:\users\wahlers\source\repos\main\main\funktionen.cpp(1630): warning C4996: 'strncpy': This function or variable may be unsafe. Consider using strncpy_s instead. To disable deprecation, use _CRT_SECURE_NO_WARNINGS. See online help for details.
  c:\program files (x86)\windows kits\10\include\10.0.19041.0\ucrt\string.h(334): note: Siehe Deklaration von "strncpy"
c:\users\wahlers\source\repos\main\main\funktionen.cpp(1638): warning C4996: 'strncpy': This function or variable may be unsafe. Consider using strncpy_s instead. To disable deprecation, use _CRT_SECURE_NO_WARNINGS. See online help for details.
  c:\program files (x86)\windows kits\10\include\10.0.19041.0\ucrt\string.h(334): note: Siehe Deklaration von "strncpy"
c:\users\wahlers\source\repos\main\main\funktionen.cpp(1646): warning C4996: 'strncpy': This function or variable may be unsafe. Consider using strncpy_s instead. To disable deprecation, use _CRT_SECURE_NO_WARNINGS. See online help for details.
  c:\program files (x86)\windows kits\10\include\10.0.19041.0\ucrt\string.h(334): note: Siehe Deklaration von "strncpy"
c:\users\wahlers\source\repos\main\main\funktionen.cpp(1654): warning C4996: 'strncpy': This function or variable may be unsafe. Consider using strncpy_s instead. To disable deprecation, use _CRT_SECURE_NO_WARNINGS. See online help for details.
  c:\program files (x86)\windows kits\10\include\10.0.19041.0\ucrt\string.h(334): note: Siehe Deklaration von "strncpy"
c:\users\wahlers\source\repos\main\main\funktionen.cpp(1662): warning C4996: 'strncpy': This function or variable may be unsafe. Consider using strncpy_s instead. To disable deprecation, use _CRT_SECURE_NO_WARNINGS. See online help for details.
  c:\program files (x86)\windows kits\10\include\10.0.19041.0\ucrt\string.h(334): note: Siehe Deklaration von "strncpy"
c:\users\wahlers\source\repos\main\main\funktionen.cpp(1675): warning C4996: 'strncpy': This function or variable may be unsafe. Consider using strncpy_s instead. To disable deprecation, use _CRT_SECURE_NO_WARNINGS. See online help for details.
  c:\program files (x86)\windows kits\10\include\10.0.19041.0\ucrt\string.h(334): note: Siehe Deklaration von "strncpy"
c:\users\wahlers\source\repos\main\main\funktionen.cpp(1681): warning C4996: 'strncpy': This function or variable may be unsafe. Consider using strncpy_s instead. To disable deprecation, use _CRT_SECURE_NO_WARNINGS. See online help for details.
  c:\program files (x86)\windows kits\10\include\10.0.19041.0\ucrt\string.h(334): note: Siehe Deklaration von "strncpy"
c:\users\wahlers\source\repos\main\main\funktionen.cpp(1689): warning C4996: 'strncpy': This function or variable may be unsafe. Consider using strncpy_s instead. To disable deprecation, use _CRT_SECURE_NO_WARNINGS. See online help for details.
  c:\program files (x86)\windows kits\10\include\10.0.19041.0\ucrt\string.h(334): note: Siehe Deklaration von "strncpy"
c:\users\wahlers\source\repos\main\main\funktionen.cpp(1697): warning C4996: 'strncpy': This function or variable may be unsafe. Consider using strncpy_s instead. To disable deprecation, use _CRT_SECURE_NO_WARNINGS. See online help for details.
  c:\program files (x86)\windows kits\10\include\10.0.19041.0\ucrt\string.h(334): note: Siehe Deklaration von "strncpy"
c:\users\wahlers\source\repos\main\main\funktionen.cpp(1705): warning C4996: 'strncpy': This function or variable may be unsafe. Consider using strncpy_s instead. To disable deprecation, use _CRT_SECURE_NO_WARNINGS. See online help for details.
  c:\program files (x86)\windows kits\10\include\10.0.19041.0\ucrt\string.h(334): note: Siehe Deklaration von "strncpy"
c:\users\wahlers\source\repos\main\main\funktionen.cpp(1715): warning C4996: 'strncpy': This function or variable may be unsafe. Consider using strncpy_s instead. To disable deprecation, use _CRT_SECURE_NO_WARNINGS. See online help for details.
  c:\program files (x86)\windows kits\10\include\10.0.19041.0\ucrt\string.h(334): note: Siehe Deklaration von "strncpy"
c:\users\wahlers\source\repos\main\main\funktionen.cpp(1723): warning C4996: 'strncpy': This function or variable may be unsafe. Consider using strncpy_s instead. To disable deprecation, use _CRT_SECURE_NO_WARNINGS. See online help for details.
  c:\program files (x86)\windows kits\10\include\10.0.19041.0\ucrt\string.h(334): note: Siehe Deklaration von "strncpy"
c:\users\wahlers\source\repos\main\main\funktionen.cpp(1731): warning C4996: 'strncpy': This function or variable may be unsafe. Consider using strncpy_s instead. To disable deprecation, use _CRT_SECURE_NO_WARNINGS. See online help for details.
  c:\program files (x86)\windows kits\10\include\10.0.19041.0\ucrt\string.h(334): note: Siehe Deklaration von "strncpy"
c:\users\wahlers\source\repos\main\main\funktionen.cpp(1739): warning C4996: 'strncpy': This function or variable may be unsafe. Consider using strncpy_s instead. To disable deprecation, use _CRT_SECURE_NO_WARNINGS. See online help for details.
  c:\program files (x86)\windows kits\10\include\10.0.19041.0\ucrt\string.h(334): note: Siehe Deklaration von "strncpy"
c:\users\wahlers\source\repos\main\main\funktionen.cpp(1747): warning C4996: 'strncpy': This function or variable may be unsafe. Consider using strncpy_s instead. To disable deprecation, use _CRT_SECURE_NO_WARNINGS. See online help for details.
  c:\program files (x86)\windows kits\10\include\10.0.19041.0\ucrt\string.h(334): note: Siehe Deklaration von "strncpy"
c:\users\wahlers\source\repos\main\main\funktionen.cpp(1755): warning C4996: 'strncpy': This function or variable may be unsafe. Consider using strncpy_s instead. To disable deprecation, use _CRT_SECURE_NO_WARNINGS. See online help for details.
  c:\program files (x86)\windows kits\10\include\10.0.19041.0\ucrt\string.h(334): note: Siehe Deklaration von "strncpy"
c:\users\wahlers\source\repos\main\main\funktionen.cpp(1763): warning C4996: 'strncpy': This function or variable may be unsafe. Consider using strncpy_s instead. To disable deprecation, use _CRT_SECURE_NO_WARNINGS. See online help for details.
  c:\program files (x86)\windows kits\10\include\10.0.19041.0\ucrt\string.h(334): note: Siehe Deklaration von "strncpy"
c:\users\wahlers\source\repos\main\main\funktionen.cpp(1776): warning C4996: 'strncpy': This function or variable may be unsafe. Consider using strncpy_s instead. To disable deprecation, use _CRT_SECURE_NO_WARNINGS. See online help for details.
  c:\program files (x86)\windows kits\10\include\10.0.19041.0\ucrt\string.h(334): note: Siehe Deklaration von "strncpy"
c:\users\wahlers\source\repos\main\main\funktionen.cpp(1784): warning C4996: 'strncpy': This function or variable may be unsafe. Consider using strncpy_s instead. To disable deprecation, use _CRT_SECURE_NO_WARNINGS. See online help for details.
  c:\program files (x86)\windows kits\10\include\10.0.19041.0\ucrt\string.h(334): note: Siehe Deklaration von "strncpy"
c:\users\wahlers\source\repos\main\main\funktionen.cpp(1794): warning C4996: 'strncpy': This function or variable may be unsafe. Consider using strncpy_s instead. To disable deprecation, use _CRT_SECURE_NO_WARNINGS. See online help for details.
  c:\program files (x86)\windows kits\10\include\10.0.19041.0\ucrt\string.h(334): note: Siehe Deklaration von "strncpy"
c:\users\wahlers\source\repos\main\main\funktionen.cpp(1802): warning C4996: 'strncpy': This function or variable may be unsafe. Consider using strncpy_s instead. To disable deprecation, use _CRT_SECURE_NO_WARNINGS. See online help for details.
  c:\program files (x86)\windows kits\10\include\10.0.19041.0\ucrt\string.h(334): note: Siehe Deklaration von "strncpy"
c:\users\wahlers\source\repos\main\main\funktionen.cpp(1810): warning C4996: 'strncpy': This function or variable may be unsafe. Consider using strncpy_s instead. To disable deprecation, use _CRT_SECURE_NO_WARNINGS. See online help for details.
  c:\program files (x86)\windows kits\10\include\10.0.19041.0\ucrt\string.h(334): note: Siehe Deklaration von "strncpy"
c:\users\wahlers\source\repos\main\main\funktionen.cpp(1818): warning C4996: 'strncpy': This function or variable may be unsafe. Consider using strncpy_s instead. To disable deprecation, use _CRT_SECURE_NO_WARNINGS. See online help for details.
  c:\program files (x86)\windows kits\10\include\10.0.19041.0\ucrt\string.h(334): note: Siehe Deklaration von "strncpy"
c:\users\wahlers\source\repos\main\main\funktionen.cpp(1826): warning C4996: 'strncpy': This function or variable may be unsafe. Consider using strncpy_s instead. To disable deprecation, use _CRT_SECURE_NO_WARNINGS. See online help for details.
  c:\program files (x86)\windows kits\10\include\10.0.19041.0\ucrt\string.h(334): note: Siehe Deklaration von "strncpy"
c:\users\wahlers\source\repos\main\main\funktionen.cpp(1834): warning C4996: 'strncpy': This function or variable may be unsafe. Consider using strncpy_s instead. To disable deprecation, use _CRT_SECURE_NO_WARNINGS. See online help for details.
  c:\program files (x86)\windows kits\10\include\10.0.19041.0\ucrt\string.h(334): note: Siehe Deklaration von "strncpy"
c:\users\wahlers\source\repos\main\main\funktionen.cpp(1848): warning C4996: 'strncpy': This function or variable may be unsafe. Consider using strncpy_s instead. To disable deprecation, use _CRT_SECURE_NO_WARNINGS. See online help for details.
  c:\program files (x86)\windows kits\10\include\10.0.19041.0\ucrt\string.h(334): note: Siehe Deklaration von "strncpy"
c:\users\wahlers\source\repos\main\main\funktionen.cpp(1854): warning C4996: 'strncpy': This function or variable may be unsafe. Consider using strncpy_s instead. To disable deprecation, use _CRT_SECURE_NO_WARNINGS. See online help for details.
  c:\program files (x86)\windows kits\10\include\10.0.19041.0\ucrt\string.h(334): note: Siehe Deklaration von "strncpy"
c:\users\wahlers\source\repos\main\main\funktionen.cpp(1862): warning C4996: 'strncpy': This function or variable may be unsafe. Consider using strncpy_s instead. To disable deprecation, use _CRT_SECURE_NO_WARNINGS. See online help for details.
  c:\program files (x86)\windows kits\10\include\10.0.19041.0\ucrt\string.h(334): note: Siehe Deklaration von "strncpy"
c:\users\wahlers\source\repos\main\main\funktionen.cpp(1870): warning C4996: 'strncpy': This function or variable may be unsafe. Consider using strncpy_s instead. To disable deprecation, use _CRT_SECURE_NO_WARNINGS. See online help for details.
  c:\program files (x86)\windows kits\10\include\10.0.19041.0\ucrt\string.h(334): note: Siehe Deklaration von "strncpy"
c:\users\wahlers\source\repos\main\main\funktionen.cpp(1878): warning C4996: 'strncpy': This function or variable may be unsafe. Consider using strncpy_s instead. To disable deprecation, use _CRT_SECURE_NO_WARNINGS. See online help for details.
  c:\program files (x86)\windows kits\10\include\10.0.19041.0\ucrt\string.h(334): note: Siehe Deklaration von "strncpy"
c:\users\wahlers\source\repos\main\main\funktionen.cpp(1888): warning C4996: 'strncpy': This function or variable may be unsafe. Consider using strncpy_s instead. To disable deprecation, use _CRT_SECURE_NO_WARNINGS. See online help for details.
  c:\program files (x86)\windows kits\10\include\10.0.19041.0\ucrt\string.h(334): note: Siehe Deklaration von "strncpy"
c:\users\wahlers\source\repos\main\main\funktionen.cpp(1896): warning C4996: 'strncpy': This function or variable may be unsafe. Consider using strncpy_s instead. To disable deprecation, use _CRT_SECURE_NO_WARNINGS. See online help for details.
  c:\program files (x86)\windows kits\10\include\10.0.19041.0\ucrt\string.h(334): note: Siehe Deklaration von "strncpy"
c:\users\wahlers\source\repos\main\main\funktionen.cpp(1904): warning C4996: 'strncpy': This function or variable may be unsafe. Consider using strncpy_s instead. To disable deprecation, use _CRT_SECURE_NO_WARNINGS. See online help for details.
  c:\program files (x86)\windows kits\10\include\10.0.19041.0\ucrt\string.h(334): note: Siehe Deklaration von "strncpy"
c:\users\wahlers\source\repos\main\main\funktionen.cpp(1912): warning C4996: 'strncpy': This function or variable may be unsafe. Consider using strncpy_s instead. To disable deprecation, use _CRT_SECURE_NO_WARNINGS. See online help for details.
  c:\program files (x86)\windows kits\10\include\10.0.19041.0\ucrt\string.h(334): note: Siehe Deklaration von "strncpy"
c:\users\wahlers\source\repos\main\main\funktionen.cpp(1920): warning C4996: 'strncpy': This function or variable may be unsafe. Consider using strncpy_s instead. To disable deprecation, use _CRT_SECURE_NO_WARNINGS. See online help for details.
  c:\program files (x86)\windows kits\10\include\10.0.19041.0\ucrt\string.h(334): note: Siehe Deklaration von "strncpy"
c:\users\wahlers\source\repos\main\main\funktionen.cpp(1928): warning C4996: 'strncpy': This function or variable may be unsafe. Consider using strncpy_s instead. To disable deprecation, use _CRT_SECURE_NO_WARNINGS. See online help for details.
  c:\program files (x86)\windows kits\10\include\10.0.19041.0\ucrt\string.h(334): note: Siehe Deklaration von "strncpy"
c:\users\wahlers\source\repos\main\main\funktionen.cpp(1936): warning C4996: 'strncpy': This function or variable may be unsafe. Consider using strncpy_s instead. To disable deprecation, use _CRT_SECURE_NO_WARNINGS. See online help for details.
  c:\program files (x86)\windows kits\10\include\10.0.19041.0\ucrt\string.h(334): note: Siehe Deklaration von "strncpy"
c:\users\wahlers\source\repos\main\main\funktionen.cpp(1949): warning C4996: 'strncpy': This function or variable may be unsafe. Consider using strncpy_s instead. To disable deprecation, use _CRT_SECURE_NO_WARNINGS. See online help for details.
  c:\program files (x86)\windows kits\10\include\10.0.19041.0\ucrt\string.h(334): note: Siehe Deklaration von "strncpy"
c:\users\wahlers\source\repos\main\main\funktionen.cpp(1960): warning C4996: 'strncpy': This function or variable may be unsafe. Consider using strncpy_s instead. To disable deprecation, use _CRT_SECURE_NO_WARNINGS. See online help for details.
  c:\program files (x86)\windows kits\10\include\10.0.19041.0\ucrt\string.h(334): note: Siehe Deklaration von "strncpy"
c:\users\wahlers\source\repos\main\main\funktionen.cpp(1966): warning C4996: 'strncpy': This function or variable may be unsafe. Consider using strncpy_s instead. To disable deprecation, use _CRT_SECURE_NO_WARNINGS. See online help for details.
  c:\program files (x86)\windows kits\10\include\10.0.19041.0\ucrt\string.h(334): note: Siehe Deklaration von "strncpy"
c:\users\wahlers\source\repos\main\main\funktionen.cpp(1974): warning C4996: 'strncpy': This function or variable may be unsafe. Consider using strncpy_s instead. To disable deprecation, use _CRT_SECURE_NO_WARNINGS. See online help for details.
  c:\program files (x86)\windows kits\10\include\10.0.19041.0\ucrt\string.h(334): note: Siehe Deklaration von "strncpy"
c:\users\wahlers\source\repos\main\main\funktionen.cpp(1982): warning C4996: 'strncpy': This function or variable may be unsafe. Consider using strncpy_s instead. To disable deprecation, use _CRT_SECURE_NO_WARNINGS. See online help for details.
  c:\program files (x86)\windows kits\10\include\10.0.19041.0\ucrt\string.h(334): note: Siehe Deklaration von "strncpy"
c:\users\wahlers\source\repos\main\main\funktionen.cpp(1990): warning C4996: 'strncpy': This function or variable may be unsafe. Consider using strncpy_s instead. To disable deprecation, use _CRT_SECURE_NO_WARNINGS. See online help for details.
  c:\program files (x86)\windows kits\10\include\10.0.19041.0\ucrt\string.h(334): note: Siehe Deklaration von "strncpy"
c:\users\wahlers\source\repos\main\main\funktionen.cpp(1998): warning C4996: 'strncpy': This function or variable may be unsafe. Consider using strncpy_s instead. To disable deprecation, use _CRT_SECURE_NO_WARNINGS. See online help for details.
  c:\program files (x86)\windows kits\10\include\10.0.19041.0\ucrt\string.h(334): note: Siehe Deklaration von "strncpy"
c:\users\wahlers\source\repos\main\main\funktionen.cpp(2006): warning C4996: 'strncpy': This function or variable may be unsafe. Consider using strncpy_s instead. To disable deprecation, use _CRT_SECURE_NO_WARNINGS. See online help for details.
  c:\program files (x86)\windows kits\10\include\10.0.19041.0\ucrt\string.h(334): note: Siehe Deklaration von "strncpy"
c:\users\wahlers\source\repos\main\main\funktionen.cpp(2014): warning C4996: 'strncpy': This function or variable may be unsafe. Consider using strncpy_s instead. To disable deprecation, use _CRT_SECURE_NO_WARNINGS. See online help for details.
  c:\program files (x86)\windows kits\10\include\10.0.19041.0\ucrt\string.h(334): note: Siehe Deklaration von "strncpy"
c:\users\wahlers\source\repos\main\main\funktionen.cpp(2028): warning C4996: 'strncpy': This function or variable may be unsafe. Consider using strncpy_s instead. To disable deprecation, use _CRT_SECURE_NO_WARNINGS. See online help for details.
  c:\program files (x86)\windows kits\10\include\10.0.19041.0\ucrt\string.h(334): note: Siehe Deklaration von "strncpy"
c:\users\wahlers\source\repos\main\main\funktionen.cpp(2034): warning C4996: 'strncpy': This function or variable may be unsafe. Consider using strncpy_s instead. To disable deprecation, use _CRT_SECURE_NO_WARNINGS. See online help for details.
  c:\program files (x86)\windows kits\10\include\10.0.19041.0\ucrt\string.h(334): note: Siehe Deklaration von "strncpy"
c:\users\wahlers\source\repos\main\main\funktionen.cpp(2042): warning C4996: 'strncpy': This function or variable may be unsafe. Consider using strncpy_s instead. To disable deprecation, use _CRT_SECURE_NO_WARNINGS. See online help for details.
  c:\program files (x86)\windows kits\10\include\10.0.19041.0\ucrt\string.h(334): note: Siehe Deklaration von "strncpy"
c:\users\wahlers\source\repos\main\main\funktionen.cpp(2050): warning C4996: 'strncpy': This function or variable may be unsafe. Consider using strncpy_s instead. To disable deprecation, use _CRT_SECURE_NO_WARNINGS. See online help for details.
  c:\program files (x86)\windows kits\10\include\10.0.19041.0\ucrt\string.h(334): note: Siehe Deklaration von "strncpy"
c:\users\wahlers\source\repos\main\main\funktionen.cpp(2058): warning C4996: 'strncpy': This function or variable may be unsafe. Consider using strncpy_s instead. To disable deprecation, use _CRT_SECURE_NO_WARNINGS. See online help for details.
  c:\program files (x86)\windows kits\10\include\10.0.19041.0\ucrt\string.h(334): note: Siehe Deklaration von "strncpy"
c:\users\wahlers\source\repos\main\main\funktionen.cpp(2068): warning C4996: 'strncpy': This function or variable may be unsafe. Consider using strncpy_s instead. To disable deprecation, use _CRT_SECURE_NO_WARNINGS. See online help for details.
  c:\program files (x86)\windows kits\10\include\10.0.19041.0\ucrt\string.h(334): note: Siehe Deklaration von "strncpy"
c:\users\wahlers\source\repos\main\main\funktionen.cpp(2076): warning C4996: 'strncpy': This function or variable may be unsafe. Consider using strncpy_s instead. To disable deprecation, use _CRT_SECURE_NO_WARNINGS. See online help for details.
  c:\program files (x86)\windows kits\10\include\10.0.19041.0\ucrt\string.h(334): note: Siehe Deklaration von "strncpy"
c:\users\wahlers\source\repos\main\main\funktionen.cpp(2084): warning C4996: 'strncpy': This function or variable may be unsafe. Consider using strncpy_s instead. To disable deprecation, use _CRT_SECURE_NO_WARNINGS. See online help for details.
  c:\program files (x86)\windows kits\10\include\10.0.19041.0\ucrt\string.h(334): note: Siehe Deklaration von "strncpy"
c:\users\wahlers\source\repos\main\main\funktionen.cpp(2098): warning C4996: 'strncpy': This function or variable may be unsafe. Consider using strncpy_s instead. To disable deprecation, use _CRT_SECURE_NO_WARNINGS. See online help for details.
  c:\program files (x86)\windows kits\10\include\10.0.19041.0\ucrt\string.h(334): note: Siehe Deklaration von "strncpy"
c:\users\wahlers\source\repos\main\main\funktionen.cpp(2104): warning C4996: 'strncpy': This function or variable may be unsafe. Consider using strncpy_s instead. To disable deprecation, use _CRT_SECURE_NO_WARNINGS. See online help for details.
  c:\program files (x86)\windows kits\10\include\10.0.19041.0\ucrt\string.h(334): note: Siehe Deklaration von "strncpy"
c:\users\wahlers\source\repos\main\main\funktionen.cpp(2112): warning C4996: 'strncpy': This function or variable may be unsafe. Consider using strncpy_s instead. To disable deprecation, use _CRT_SECURE_NO_WARNINGS. See online help for details.
  c:\program files (x86)\windows kits\10\include\10.0.19041.0\ucrt\string.h(334): note: Siehe Deklaration von "strncpy"
c:\users\wahlers\source\repos\main\main\funktionen.cpp(2120): warning C4996: 'strncpy': This function or variable may be unsafe. Consider using strncpy_s instead. To disable deprecation, use _CRT_SECURE_NO_WARNINGS. See online help for details.
  c:\program files (x86)\windows kits\10\include\10.0.19041.0\ucrt\string.h(334): note: Siehe Deklaration von "strncpy"
c:\users\wahlers\source\repos\main\main\funktionen.cpp(2128): warning C4996: 'strncpy': This function or variable may be unsafe. Consider using strncpy_s instead. To disable deprecation, use _CRT_SECURE_NO_WARNINGS. See online help for details.
  c:\program files (x86)\windows kits\10\include\10.0.19041.0\ucrt\string.h(334): note: Siehe Deklaration von "strncpy"
c:\users\wahlers\source\repos\main\main\funktionen.cpp(2138): warning C4996: 'strncpy': This function or variable may be unsafe. Consider using strncpy_s instead. To disable deprecation, use _CRT_SECURE_NO_WARNINGS. See online help for details.
  c:\program files (x86)\windows kits\10\include\10.0.19041.0\ucrt\string.h(334): note: Siehe Deklaration von "strncpy"
c:\users\wahlers\source\repos\main\main\funktionen.cpp(2146): warning C4996: 'strncpy': This function or variable may be unsafe. Consider using strncpy_s instead. To disable deprecation, use _CRT_SECURE_NO_WARNINGS. See online help for details.
  c:\program files (x86)\windows kits\10\include\10.0.19041.0\ucrt\string.h(334): note: Siehe Deklaration von "strncpy"
c:\users\wahlers\source\repos\main\main\funktionen.cpp(2154): warning C4996: 'strncpy': This function or variable may be unsafe. Consider using strncpy_s instead. To disable deprecation, use _CRT_SECURE_NO_WARNINGS. See online help for details.
  c:\program files (x86)\windows kits\10\include\10.0.19041.0\ucrt\string.h(334): note: Siehe Deklaration von "strncpy"
c:\users\wahlers\source\repos\main\main\funktionen.cpp(2168): warning C4996: 'strncpy': This function or variable may be unsafe. Consider using strncpy_s instead. To disable deprecation, use _CRT_SECURE_NO_WARNINGS. See online help for details.
  c:\program files (x86)\windows kits\10\include\10.0.19041.0\ucrt\string.h(334): note: Siehe Deklaration von "strncpy"
c:\users\wahlers\source\repos\main\main\funktionen.cpp(2174): warning C4996: 'strncpy': This function or variable may be unsafe. Consider using strncpy_s instead. To disable deprecation, use _CRT_SECURE_NO_WARNINGS. See online help for details.
  c:\program files (x86)\windows kits\10\include\10.0.19041.0\ucrt\string.h(334): note: Siehe Deklaration von "strncpy"
c:\users\wahlers\source\repos\main\main\funktionen.cpp(2182): warning C4996: 'strncpy': This function or variable may be unsafe. Consider using strncpy_s instead. To disable deprecation, use _CRT_SECURE_NO_WARNINGS. See online help for details.
  c:\program files (x86)\windows kits\10\include\10.0.19041.0\ucrt\string.h(334): note: Siehe Deklaration von "strncpy"
c:\users\wahlers\source\repos\main\main\funktionen.cpp(2190): warning C4996: 'strncpy': This function or variable may be unsafe. Consider using strncpy_s instead. To disable deprecation, use _CRT_SECURE_NO_WARNINGS. See online help for details.
  c:\program files (x86)\windows kits\10\include\10.0.19041.0\ucrt\string.h(334): note: Siehe Deklaration von "strncpy"
c:\users\wahlers\source\repos\main\main\funktionen.cpp(2198): warning C4996: 'strncpy': This function or variable may be unsafe. Consider using strncpy_s instead. To disable deprecation, use _CRT_SECURE_NO_WARNINGS. See online help for details.
  c:\program files (x86)\windows kits\10\include\10.0.19041.0\ucrt\string.h(334): note: Siehe Deklaration von "strncpy"
c:\users\wahlers\source\repos\main\main\funktionen.cpp(2208): warning C4996: 'strncpy': This function or variable may be unsafe. Consider using strncpy_s instead. To disable deprecation, use _CRT_SECURE_NO_WARNINGS. See online help for details.
  c:\program files (x86)\windows kits\10\include\10.0.19041.0\ucrt\string.h(334): note: Siehe Deklaration von "strncpy"
c:\users\wahlers\source\repos\main\main\funktionen.cpp(2216): warning C4996: 'strncpy': This function or variable may be unsafe. Consider using strncpy_s instead. To disable deprecation, use _CRT_SECURE_NO_WARNINGS. See online help for details.
  c:\program files (x86)\windows kits\10\include\10.0.19041.0\ucrt\string.h(334): note: Siehe Deklaration von "strncpy"
c:\users\wahlers\source\repos\main\main\funktionen.cpp(2224): warning C4996: 'strncpy': This function or variable may be unsafe. Consider using strncpy_s instead. To disable deprecation, use _CRT_SECURE_NO_WARNINGS. See online help for details.
  c:\program files (x86)\windows kits\10\include\10.0.19041.0\ucrt\string.h(334): note: Siehe Deklaration von "strncpy"
c:\users\wahlers\source\repos\main\main\funktionen.cpp(2232): warning C4996: 'strncpy': This function or variable may be unsafe. Consider using strncpy_s instead. To disable deprecation, use _CRT_SECURE_NO_WARNINGS. See online help for details.
  c:\program files (x86)\windows kits\10\include\10.0.19041.0\ucrt\string.h(334): note: Siehe Deklaration von "strncpy"
c:\users\wahlers\source\repos\main\main\funktionen.cpp(2240): warning C4996: 'strncpy': This function or variable may be unsafe. Consider using strncpy_s instead. To disable deprecation, use _CRT_SECURE_NO_WARNINGS. See online help for details.
  c:\program files (x86)\windows kits\10\include\10.0.19041.0\ucrt\string.h(334): note: Siehe Deklaration von "strncpy"
c:\users\wahlers\source\repos\main\main\funktionen.cpp(2254): warning C4996: 'strncpy': This function or variable may be unsafe. Consider using strncpy_s instead. To disable deprecation, use _CRT_SECURE_NO_WARNINGS. See online help for details.
  c:\program files (x86)\windows kits\10\include\10.0.19041.0\ucrt\string.h(334): note: Siehe Deklaration von "strncpy"
c:\users\wahlers\source\repos\main\main\funktionen.cpp(2260): warning C4996: 'strncpy': This function or variable may be unsafe. Consider using strncpy_s instead. To disable deprecation, use _CRT_SECURE_NO_WARNINGS. See online help for details.
  c:\program files (x86)\windows kits\10\include\10.0.19041.0\ucrt\string.h(334): note: Siehe Deklaration von "strncpy"
c:\users\wahlers\source\repos\main\main\funktionen.cpp(2268): warning C4996: 'strncpy': This function or variable may be unsafe. Consider using strncpy_s instead. To disable deprecation, use _CRT_SECURE_NO_WARNINGS. See online help for details.
  c:\program files (x86)\windows kits\10\include\10.0.19041.0\ucrt\string.h(334): note: Siehe Deklaration von "strncpy"
c:\users\wahlers\source\repos\main\main\funktionen.cpp(2276): warning C4996: 'strncpy': This function or variable may be unsafe. Consider using strncpy_s instead. To disable deprecation, use _CRT_SECURE_NO_WARNINGS. See online help for details.
  c:\program files (x86)\windows kits\10\include\10.0.19041.0\ucrt\string.h(334): note: Siehe Deklaration von "strncpy"
c:\users\wahlers\source\repos\main\main\funktionen.cpp(2286): warning C4996: 'strncpy': This function or variable may be unsafe. Consider using strncpy_s instead. To disable deprecation, use _CRT_SECURE_NO_WARNINGS. See online help for details.
  c:\program files (x86)\windows kits\10\include\10.0.19041.0\ucrt\string.h(334): note: Siehe Deklaration von "strncpy"
c:\users\wahlers\source\repos\main\main\funktionen.cpp(2294): warning C4996: 'strncpy': This function or variable may be unsafe. Consider using strncpy_s instead. To disable deprecation, use _CRT_SECURE_NO_WARNINGS. See online help for details.
  c:\program files (x86)\windows kits\10\include\10.0.19041.0\ucrt\string.h(334): note: Siehe Deklaration von "strncpy"
c:\users\wahlers\source\repos\main\main\funktionen.cpp(2310): warning C4996: 'strncpy': This function or variable may be unsafe. Consider using strncpy_s instead. To disable deprecation, use _CRT_SECURE_NO_WARNINGS. See online help for details.
  c:\program files (x86)\windows kits\10\include\10.0.19041.0\ucrt\string.h(334): note: Siehe Deklaration von "strncpy"
c:\users\wahlers\source\repos\main\main\funktionen.cpp(2316): warning C4996: 'strncpy': This function or variable may be unsafe. Consider using strncpy_s instead. To disable deprecation, use _CRT_SECURE_NO_WARNINGS. See online help for details.
  c:\program files (x86)\windows kits\10\include\10.0.19041.0\ucrt\string.h(334): note: Siehe Deklaration von "strncpy"
c:\users\wahlers\source\repos\main\main\funktionen.cpp(2324): warning C4996: 'strncpy': This function or variable may be unsafe. Consider using strncpy_s instead. To disable deprecation, use _CRT_SECURE_NO_WARNINGS. See online help for details.
  c:\program files (x86)\windows kits\10\include\10.0.19041.0\ucrt\string.h(334): note: Siehe Deklaration von "strncpy"
c:\users\wahlers\source\repos\main\main\funktionen.cpp(2332): warning C4996: 'strncpy': This function or variable may be unsafe. Consider using strncpy_s instead. To disable deprecation, use _CRT_SECURE_NO_WARNINGS. See online help for details.
  c:\program files (x86)\windows kits\10\include\10.0.19041.0\ucrt\string.h(334): note: Siehe Deklaration von "strncpy"
c:\users\wahlers\source\repos\main\main\funktionen.cpp(2340): warning C4996: 'strncpy': This function or variable may be unsafe. Consider using strncpy_s instead. To disable deprecation, use _CRT_SECURE_NO_WARNINGS. See online help for details.
  c:\program files (x86)\windows kits\10\include\10.0.19041.0\ucrt\string.h(334): note: Siehe Deklaration von "strncpy"
c:\users\wahlers\source\repos\main\main\funktionen.cpp(2348): warning C4996: 'strncpy': This function or variable may be unsafe. Consider using strncpy_s instead. To disable deprecation, use _CRT_SECURE_NO_WARNINGS. See online help for details.
  c:\program files (x86)\windows kits\10\include\10.0.19041.0\ucrt\string.h(334): note: Siehe Deklaration von "strncpy"
c:\users\wahlers\source\repos\main\main\funktionen.cpp(2356): warning C4996: 'strncpy': This function or variable may be unsafe. Consider using strncpy_s instead. To disable deprecation, use _CRT_SECURE_NO_WARNINGS. See online help for details.
  c:\program files (x86)\windows kits\10\include\10.0.19041.0\ucrt\string.h(334): note: Siehe Deklaration von "strncpy"
c:\users\wahlers\source\repos\main\main\funktionen.cpp(2370): warning C4996: 'strncpy': This function or variable may be unsafe. Consider using strncpy_s instead. To disable deprecation, use _CRT_SECURE_NO_WARNINGS. See online help for details.
  c:\program files (x86)\windows kits\10\include\10.0.19041.0\ucrt\string.h(334): note: Siehe Deklaration von "strncpy"
c:\users\wahlers\source\repos\main\main\funktionen.cpp(2404): warning C4996: 'strncat': This function or variable may be unsafe. Consider using strncat_s instead. To disable deprecation, use _CRT_SECURE_NO_WARNINGS. See online help for details.
  c:\program files (x86)\windows kits\10\include\10.0.19041.0\ucrt\string.h(262): note: Siehe Deklaration von "strncat"
c:\users\wahlers\source\repos\main\main\funktionen.cpp(2408): warning C4996: 'fopen': This function or variable may be unsafe. Consider using fopen_s instead. To disable deprecation, use _CRT_SECURE_NO_WARNINGS. See online help for details.
  c:\program files (x86)\windows kits\10\include\10.0.19041.0\ucrt\stdio.h(213): note: Siehe Deklaration von "fopen"
  AssemblyInfo.obj : MSIL-Modulgefunden; inkrementelles Verknüpfen wird für MSIL deaktiviert; vollständiger Link wird durchgeführt
  main.vcxproj -> C:\Users\wahlers\source\repos\main\Debug\main.exe
